<?xml version="1.0" encoding="UTF-8"?>
<testng-results skipped="0" failed="0" total="1" passed="1">
  <reporter-output>
  </reporter-output>
  <suite name="Tests" duration-ms="16045" started-at="2015-07-03T00:20:06Z" finished-at="2015-07-03T00:20:22Z">
    <groups>
    </groups>
    <test name="Test1" duration-ms="16045" started-at="2015-07-03T00:20:06Z" finished-at="2015-07-03T00:20:22Z">
      <class name="ca.st.selenium.LoginTest">
        <test-method status="PASS" signature="init()[pri:0, instance:ca.st.selenium.LoginTest@35f983a6]" name="init" is-config="true" duration-ms="11863" started-at="2015-07-02T20:20:06Z" finished-at="2015-07-02T20:20:18Z">
          <reporter-output>
          </reporter-output>
        </test-method> <!-- init -->
        <test-method status="PASS" signature="testUntitled()[pri:0, instance:ca.st.selenium.LoginTest@35f983a6]" name="testUntitled" duration-ms="4166" started-at="2015-07-02T20:20:18Z" finished-at="2015-07-02T20:20:22Z">
          <reporter-output>
          </reporter-output>
        </test-method> <!-- testUntitled -->
      </class> <!-- ca.st.selenium.LoginTest -->
      <class name="ca.st.selenium.pages.TestBase">
        <test-method status="PASS" signature="tearDown()[pri:0, instance:ca.st.selenium.pages.TestBase@6fadae5d]" name="tearDown" is-config="true" duration-ms="0" started-at="2015-07-02T20:20:22Z" finished-at="2015-07-02T20:20:22Z">
          <reporter-output>
          </reporter-output>
        </test-method> <!-- tearDown -->
      </class> <!-- ca.st.selenium.pages.TestBase -->
    </test> <!-- Test1 -->
  </suite> <!-- Tests -->
</testng-results>
